<html>
<head>
<title>TestNG:  LoginRegisterTest</title>
<link href="../testng.css" rel="stylesheet" type="text/css" />
<link href="../my-testng.css" rel="stylesheet" type="text/css" />

<style type="text/css">
.log { display: none;} 
.stack-trace { display: none;} 
</style>
<script type="text/javascript">
<!--
function flip(e) {
  current = e.style.display;
  if (current == 'block') {
    e.style.display = 'none';
    return 0;
  }
  else {
    e.style.display = 'block';
    return 1;
  }
}

function toggleBox(szDivId, elem, msg1, msg2)
{
  var res = -1;  if (document.getElementById) {
    res = flip(document.getElementById(szDivId));
  }
  else if (document.all) {
    // this is the way old msie versions work
    res = flip(document.all[szDivId]);
  }
  if(elem) {
    if(res == 0) elem.innerHTML = msg1; else elem.innerHTML = msg2;
  }

}

function toggleAllBoxes() {
  if (document.getElementsByTagName) {
    d = document.getElementsByTagName('div');
    for (i = 0; i < d.length; i++) {
      if (d[i].className == 'log') {
        flip(d[i]);
      }
    }
  }
}

// -->
</script>

</head>
<body>
<h2 align='center'>LoginRegisterTest</h2><table border='1' align="center">
<tr>
<td>Tests passed/Failed/Skipped:</td><td>23/1/0</td>
</tr><tr>
<td>Started on:</td><td>Wed Aug 12 12:15:27 IST 2020</td>
</tr>
<tr><td>Total time:</td><td>374 seconds (374618 ms)</td>
</tr><tr>
<td>Included groups:</td><td></td>
</tr><tr>
<td>Excluded groups:</td><td></td>
</tr>
</table><p/>
<small><i>(Hover the method name to see the test class name)</i></small><p/>
<table width='100%' border='1' class='invocation-failed'>
<tr><td colspan='4' align='center'><b>FAILED TESTS</b></td></tr>
<tr><td><b>Test method</b></td>
<td width="30%"><b>Exception</b></td>
<td width="10%"><b>Time (seconds)</b></td>
<td><b>Instance</b></td>
</tr>
<tr>
<td title='com.easemytrip.runner.LoginRegistrationTest.OTPLoginTestValid()'><b>OTPLoginTestValid</b><br>Test class: com.easemytrip.runner.LoginRegistrationTest<br>Test method: Login test using OTP using valid Email and Phone number<br>Parameters: 9434269883, gladiator</td>
<td><div><pre>org.openqa.selenium.ElementNotInteractableException: element not interactable
  (Session info: chrome=84.0.4147.105)
Build info: version: &apos;3.141.59&apos;, revision: &apos;e82be7d358&apos;, time: &apos;2018-11-14T08:17:03&apos;
System info: host: &apos;DESKTOP-DT1HFES&apos;, ip: &apos;192.168.1.93&apos;, os.name: &apos;Windows 10&apos;, os.arch: &apos;amd64&apos;, os.version: &apos;10.0&apos;, java.version: &apos;1.8.0_251&apos;
Driver info: org.openqa.selenium.chrome.ChromeDriver
Capabilities {acceptInsecureCerts: false, browserName: chrome, browserVersion: 84.0.4147.105, chrome: {chromedriverVersion: 84.0.4147.30 (48b3e868b4cc0..., userDataDir: C:\Users\RAHULK~1\AppData\L...}, goog:chromeOptions: {debuggerAddress: localhost:61223}, javascriptEnabled: true, networkConnectionEnabled: false, pageLoadStrategy: normal, platform: WINDOWS, platformName: WINDOWS, proxy: Proxy(), setWindowRect: true, strictFileInteractability: false, timeouts: {implicit: 0, pageLoad: 300000, script: 30000}, unhandledPromptBehavior: dismiss and notify, webauthn:virtualAuthenticators: true}
Session ID: e49b2c10f7dd492b02744d337aec7a56
	at org.openqa.selenium.remote.http.W3CHttpResponseCodec.createException(W3CHttpResponseCodec.java:187)
	at org.openqa.selenium.remote.http.W3CHttpResponseCodec.decode(W3CHttpResponseCodec.java:122)
	at org.openqa.selenium.remote.http.W3CHttpResponseCodec.decode(W3CHttpResponseCodec.java:49)
	at org.openqa.selenium.remote.HttpCommandExecutor.execute(HttpCommandExecutor.java:158)
	at org.openqa.selenium.remote.service.DriverCommandExecutor.execute(DriverCommandExecutor.java:83)
	at org.openqa.selenium.remote.RemoteWebDriver.execute(RemoteWebDriver.java:552)
	at org.openqa.selenium.remote.RemoteWebElement.execute(RemoteWebElement.java:285)
	at org.openqa.selenium.remote.RemoteWebElement.click(RemoteWebElement.java:84)
	at com.easemytrip.pom.LoginTrial.loginTestOTP(LoginTrial.java:102)
	at com.easemytrip.runner.LoginRegistrationTest.OTPLoginTestValid(LoginRegistrationTest.java:112)
... Removed 29 stack frames</pre></div><a href='#' onClick='toggleBox("stack-trace2086177500", this, "Click to show all stack frames", "Click to hide stack frames")'>Click to show all stack frames</a>
<div class='stack-trace' id='stack-trace2086177500'><pre>org.openqa.selenium.ElementNotInteractableException: element not interactable
  (Session info: chrome=84.0.4147.105)
Build info: version: &apos;3.141.59&apos;, revision: &apos;e82be7d358&apos;, time: &apos;2018-11-14T08:17:03&apos;
System info: host: &apos;DESKTOP-DT1HFES&apos;, ip: &apos;192.168.1.93&apos;, os.name: &apos;Windows 10&apos;, os.arch: &apos;amd64&apos;, os.version: &apos;10.0&apos;, java.version: &apos;1.8.0_251&apos;
Driver info: org.openqa.selenium.chrome.ChromeDriver
Capabilities {acceptInsecureCerts: false, browserName: chrome, browserVersion: 84.0.4147.105, chrome: {chromedriverVersion: 84.0.4147.30 (48b3e868b4cc0..., userDataDir: C:\Users\RAHULK~1\AppData\L...}, goog:chromeOptions: {debuggerAddress: localhost:61223}, javascriptEnabled: true, networkConnectionEnabled: false, pageLoadStrategy: normal, platform: WINDOWS, platformName: WINDOWS, proxy: Proxy(), setWindowRect: true, strictFileInteractability: false, timeouts: {implicit: 0, pageLoad: 300000, script: 30000}, unhandledPromptBehavior: dismiss and notify, webauthn:virtualAuthenticators: true}
Session ID: e49b2c10f7dd492b02744d337aec7a56
	at sun.reflect.NativeConstructorAccessorImpl.newInstance0(Native Method)
	at sun.reflect.NativeConstructorAccessorImpl.newInstance(NativeConstructorAccessorImpl.java:62)
	at sun.reflect.DelegatingConstructorAccessorImpl.newInstance(DelegatingConstructorAccessorImpl.java:45)
	at java.lang.reflect.Constructor.newInstance(Constructor.java:423)
	at org.openqa.selenium.remote.http.W3CHttpResponseCodec.createException(W3CHttpResponseCodec.java:187)
	at org.openqa.selenium.remote.http.W3CHttpResponseCodec.decode(W3CHttpResponseCodec.java:122)
	at org.openqa.selenium.remote.http.W3CHttpResponseCodec.decode(W3CHttpResponseCodec.java:49)
	at org.openqa.selenium.remote.HttpCommandExecutor.execute(HttpCommandExecutor.java:158)
	at org.openqa.selenium.remote.service.DriverCommandExecutor.execute(DriverCommandExecutor.java:83)
	at org.openqa.selenium.remote.RemoteWebDriver.execute(RemoteWebDriver.java:552)
	at org.openqa.selenium.remote.RemoteWebElement.execute(RemoteWebElement.java:285)
	at org.openqa.selenium.remote.RemoteWebElement.click(RemoteWebElement.java:84)
	at com.easemytrip.pom.LoginTrial.loginTestOTP(LoginTrial.java:102)
	at com.easemytrip.runner.LoginRegistrationTest.OTPLoginTestValid(LoginRegistrationTest.java:112)
	at sun.reflect.NativeMethodAccessorImpl.invoke0(Native Method)
	at sun.reflect.NativeMethodAccessorImpl.invoke(NativeMethodAccessorImpl.java:62)
	at sun.reflect.DelegatingMethodAccessorImpl.invoke(DelegatingMethodAccessorImpl.java:43)
	at java.lang.reflect.Method.invoke(Method.java:498)
	at org.testng.internal.MethodInvocationHelper.invokeMethod(MethodInvocationHelper.java:124)
	at org.testng.internal.Invoker.invokeMethod(Invoker.java:583)
	at org.testng.internal.Invoker.invokeTestMethod(Invoker.java:719)
	at org.testng.internal.Invoker.invokeTestMethods(Invoker.java:989)
	at org.testng.internal.TestMethodWorker.invokeTestMethods(TestMethodWorker.java:125)
	at org.testng.internal.TestMethodWorker.run(TestMethodWorker.java:109)
	at org.testng.TestRunner.privateRun(TestRunner.java:648)
	at org.testng.TestRunner.run(TestRunner.java:505)
	at org.testng.SuiteRunner.runTest(SuiteRunner.java:455)
	at org.testng.SuiteRunner.runSequentially(SuiteRunner.java:450)
	at org.testng.SuiteRunner.privateRun(SuiteRunner.java:415)
	at org.testng.SuiteRunner.run(SuiteRunner.java:364)
	at org.testng.SuiteRunnerWorker.runSuite(SuiteRunnerWorker.java:52)
	at org.testng.SuiteRunnerWorker.run(SuiteRunnerWorker.java:84)
	at org.testng.TestNG.runSuitesSequentially(TestNG.java:1208)
	at org.testng.TestNG.runSuitesLocally(TestNG.java:1137)
	at org.testng.TestNG.runSuites(TestNG.java:1049)
	at org.testng.TestNG.run(TestNG.java:1017)
	at org.testng.remote.AbstractRemoteTestNG.run(AbstractRemoteTestNG.java:115)
	at org.testng.remote.RemoteTestNG.initAndRun(RemoteTestNG.java:251)
	at org.testng.remote.RemoteTestNG.main(RemoteTestNG.java:77)
</pre></div></td>
<td>17</td>
<td>com.easemytrip.runner.LoginRegistrationTest@6ab7a896</td></tr>
</table><p>
<table width='100%' border='1' class='invocation-passed'>
<tr><td colspan='4' align='center'><b>PASSED TESTS</b></td></tr>
<tr><td><b>Test method</b></td>
<td width="30%"><b>Exception</b></td>
<td width="10%"><b>Time (seconds)</b></td>
<td><b>Instance</b></td>
</tr>
<tr>
<td title='com.easemytrip.runner.LoginRegistrationTest.OTPLoginTestInvalid()'><b>OTPLoginTestInvalid</b><br>Test class: com.easemytrip.runner.LoginRegistrationTest<br>Test method: Login test using OTP using incorrect values<br>Parameters: a, gladiataor</td>
<td></td>
<td>7</td>
<td>com.easemytrip.runner.LoginRegistrationTest@6ab7a896</td></tr>
<tr>
<td title='com.easemytrip.runner.LoginRegistrationTest.OTPLoginTestInvalid()'><b>OTPLoginTestInvalid</b><br>Test class: com.easemytrip.runner.LoginRegistrationTest<br>Test method: Login test using OTP using incorrect values<br>Parameters: 1234.0, gladiator</td>
<td></td>
<td>7</td>
<td>com.easemytrip.runner.LoginRegistrationTest@6ab7a896</td></tr>
<tr>
<td title='com.easemytrip.runner.LoginRegistrationTest.OTPLoginTestInvalid()'><b>OTPLoginTestInvalid</b><br>Test class: com.easemytrip.runner.LoginRegistrationTest<br>Test method: Login test using OTP using incorrect values<br>Parameters: aanandu9, gladiator</td>
<td></td>
<td>7</td>
<td>com.easemytrip.runner.LoginRegistrationTest@6ab7a896</td></tr>
<tr>
<td title='com.easemytrip.runner.LoginRegistrationTest.OTPLoginTestInvalid()'><b>OTPLoginTestInvalid</b><br>Test class: com.easemytrip.runner.LoginRegistrationTest<br>Test method: Login test using OTP using incorrect values<br>Parameters: aanandu9, 1234</td>
<td></td>
<td>7</td>
<td>com.easemytrip.runner.LoginRegistrationTest@6ab7a896</td></tr>
<tr>
<td title='com.easemytrip.runner.LoginRegistrationTest.OTPLoginTestValid()'><b>OTPLoginTestValid</b><br>Test class: com.easemytrip.runner.LoginRegistrationTest<br>Test method: Login test using OTP using valid Email and Phone number<br>Parameters: aanandu9@gmail.com, gladiataor</td>
<td></td>
<td>55</td>
<td>com.easemytrip.runner.LoginRegistrationTest@6ab7a896</td></tr>
<tr>
<td title='com.easemytrip.runner.LoginRegistrationTest.loginForgetPasswordTestInvalid()'><b>loginForgetPasswordTestInvalid</b><br>Test class: com.easemytrip.runner.LoginRegistrationTest<br>Test method: Forgot Password Using Invalid Data<br>Parameters: a, gladiataor</td>
<td></td>
<td>13</td>
<td>com.easemytrip.runner.LoginRegistrationTest@6ab7a896</td></tr>
<tr>
<td title='com.easemytrip.runner.LoginRegistrationTest.loginForgetPasswordTestInvalid()'><b>loginForgetPasswordTestInvalid</b><br>Test class: com.easemytrip.runner.LoginRegistrationTest<br>Test method: Forgot Password Using Invalid Data<br>Parameters: 1234.0, gladiator</td>
<td></td>
<td>12</td>
<td>com.easemytrip.runner.LoginRegistrationTest@6ab7a896</td></tr>
<tr>
<td title='com.easemytrip.runner.LoginRegistrationTest.loginForgetPasswordTestInvalid()'><b>loginForgetPasswordTestInvalid</b><br>Test class: com.easemytrip.runner.LoginRegistrationTest<br>Test method: Forgot Password Using Invalid Data<br>Parameters: aanandu9, gladiator</td>
<td></td>
<td>13</td>
<td>com.easemytrip.runner.LoginRegistrationTest@6ab7a896</td></tr>
<tr>
<td title='com.easemytrip.runner.LoginRegistrationTest.loginForgetPasswordTestInvalid()'><b>loginForgetPasswordTestInvalid</b><br>Test class: com.easemytrip.runner.LoginRegistrationTest<br>Test method: Forgot Password Using Invalid Data<br>Parameters: aanandu9, 1234</td>
<td></td>
<td>12</td>
<td>com.easemytrip.runner.LoginRegistrationTest@6ab7a896</td></tr>
<tr>
<td title='com.easemytrip.runner.LoginRegistrationTest.loginForgetPasswordTestValid()'><b>loginForgetPasswordTestValid</b><br>Test class: com.easemytrip.runner.LoginRegistrationTest<br>Test method: Forgot Password Using valid Data<br>Parameters: aanandu9@gmail.com, gladiataor</td>
<td></td>
<td>35</td>
<td>com.easemytrip.runner.LoginRegistrationTest@6ab7a896</td></tr>
<tr>
<td title='com.easemytrip.runner.LoginRegistrationTest.loginForgetPasswordTestValid()'><b>loginForgetPasswordTestValid</b><br>Test class: com.easemytrip.runner.LoginRegistrationTest<br>Test method: Forgot Password Using valid Data<br>Parameters: 9434269883, gladiator</td>
<td></td>
<td>25</td>
<td>com.easemytrip.runner.LoginRegistrationTest@6ab7a896</td></tr>
<tr>
<td title='com.easemytrip.runner.LoginRegistrationTest.loginInvalidTest()'><b>loginInvalidTest</b><br>Test class: com.easemytrip.runner.LoginRegistrationTest<br>Test method: Login Test for Easemytrip using Invalid values<br>Parameters: a, gladiataor</td>
<td></td>
<td>7</td>
<td>com.easemytrip.runner.LoginRegistrationTest@6ab7a896</td></tr>
<tr>
<td title='com.easemytrip.runner.LoginRegistrationTest.loginInvalidTest()'><b>loginInvalidTest</b><br>Test class: com.easemytrip.runner.LoginRegistrationTest<br>Test method: Login Test for Easemytrip using Invalid values<br>Parameters: 1234.0, gladiator</td>
<td></td>
<td>7</td>
<td>com.easemytrip.runner.LoginRegistrationTest@6ab7a896</td></tr>
<tr>
<td title='com.easemytrip.runner.LoginRegistrationTest.loginInvalidTest()'><b>loginInvalidTest</b><br>Test class: com.easemytrip.runner.LoginRegistrationTest<br>Test method: Login Test for Easemytrip using Invalid values<br>Parameters: aanandu9, gladiator</td>
<td></td>
<td>7</td>
<td>com.easemytrip.runner.LoginRegistrationTest@6ab7a896</td></tr>
<tr>
<td title='com.easemytrip.runner.LoginRegistrationTest.loginInvalidTest()'><b>loginInvalidTest</b><br>Test class: com.easemytrip.runner.LoginRegistrationTest<br>Test method: Login Test for Easemytrip using Invalid values<br>Parameters: aanandu9, 1234</td>
<td></td>
<td>7</td>
<td>com.easemytrip.runner.LoginRegistrationTest@6ab7a896</td></tr>
<tr>
<td title='com.easemytrip.runner.LoginRegistrationTest.loginTest()'><b>loginTest</b><br>Test class: com.easemytrip.runner.LoginRegistrationTest<br>Test method: Login Test for Easemytrip using valid values<br>Parameters: aanandu9@gmail.com, gladiataor</td>
<td></td>
<td>3</td>
<td>com.easemytrip.runner.LoginRegistrationTest@6ab7a896</td></tr>
<tr>
<td title='com.easemytrip.runner.LoginRegistrationTest.loginTest()'><b>loginTest</b><br>Test class: com.easemytrip.runner.LoginRegistrationTest<br>Test method: Login Test for Easemytrip using valid values<br>Parameters: 9434269883, gladiator</td>
<td></td>
<td>3</td>
<td>com.easemytrip.runner.LoginRegistrationTest@6ab7a896</td></tr>
<tr>
<td title='com.easemytrip.runner.LoginRegistrationTest.registerTestInvalid()'><b>registerTestInvalid</b><br>Test class: com.easemytrip.runner.LoginRegistrationTest<br>Test method: Register using invalid Details<br>Parameters: a, gladiataor</td>
<td></td>
<td>12</td>
<td>com.easemytrip.runner.LoginRegistrationTest@6ab7a896</td></tr>
<tr>
<td title='com.easemytrip.runner.LoginRegistrationTest.registerTestInvalid()'><b>registerTestInvalid</b><br>Test class: com.easemytrip.runner.LoginRegistrationTest<br>Test method: Register using invalid Details<br>Parameters: 1234.0, gladiator</td>
<td></td>
<td>12</td>
<td>com.easemytrip.runner.LoginRegistrationTest@6ab7a896</td></tr>
<tr>
<td title='com.easemytrip.runner.LoginRegistrationTest.registerTestInvalid()'><b>registerTestInvalid</b><br>Test class: com.easemytrip.runner.LoginRegistrationTest<br>Test method: Register using invalid Details<br>Parameters: aanandu9, gladiator</td>
<td></td>
<td>12</td>
<td>com.easemytrip.runner.LoginRegistrationTest@6ab7a896</td></tr>
<tr>
<td title='com.easemytrip.runner.LoginRegistrationTest.registerTestInvalid()'><b>registerTestInvalid</b><br>Test class: com.easemytrip.runner.LoginRegistrationTest<br>Test method: Register using invalid Details<br>Parameters: aanandu9, 1234</td>
<td></td>
<td>12</td>
<td>com.easemytrip.runner.LoginRegistrationTest@6ab7a896</td></tr>
<tr>
<td title='com.easemytrip.runner.LoginRegistrationTest.registerTestValid()'><b>registerTestValid</b><br>Test class: com.easemytrip.runner.LoginRegistrationTest<br>Test method: Register using valid details<br>Parameters: aanandu9@gmail.com, gladiataor</td>
<td></td>
<td>34</td>
<td>com.easemytrip.runner.LoginRegistrationTest@6ab7a896</td></tr>
<tr>
<td title='com.easemytrip.runner.LoginRegistrationTest.registerTestValid()'><b>registerTestValid</b><br>Test class: com.easemytrip.runner.LoginRegistrationTest<br>Test method: Register using valid details<br>Parameters: 9434269883, gladiator</td>
<td></td>
<td>12</td>
<td>com.easemytrip.runner.LoginRegistrationTest@6ab7a896</td></tr>
</table><p>
</body>
</html>