<?xml version="1.0" encoding="UTF-8"?>
<!-- Generated by org.testng.reporters.JUnitXMLReporter -->
<testsuite hostname="DESKTOP-DT1HFES" ignored="0" name="LoginRegisterTest" tests="24" failures="1" timestamp="12 Aug 2020 06:51:42 GMT" time="374.618" errors="0">
  <testcase name="loginForgetPasswordTestValid" time="35.07" classname="com.easemytrip.runner.LoginRegistrationTest"/>
  <testcase name="loginForgetPasswordTestValid" time="25.591" classname="com.easemytrip.runner.LoginRegistrationTest"/>
  <testcase name="loginForgetPasswordTestInvalid" time="13.131" classname="com.easemytrip.runner.LoginRegistrationTest"/>
  <testcase name="loginForgetPasswordTestInvalid" time="12.911" classname="com.easemytrip.runner.LoginRegistrationTest"/>
  <testcase name="loginForgetPasswordTestInvalid" time="13.191" classname="com.easemytrip.runner.LoginRegistrationTest"/>
  <testcase name="loginForgetPasswordTestInvalid" time="12.803" classname="com.easemytrip.runner.LoginRegistrationTest"/>
  <testcase name="loginTest" time="3.436" classname="com.easemytrip.runner.LoginRegistrationTest"/>
  <testcase name="loginTest" time="3.096" classname="com.easemytrip.runner.LoginRegistrationTest"/>
  <testcase name="loginInvalidTest" time="7.339" classname="com.easemytrip.runner.LoginRegistrationTest"/>
  <testcase name="loginInvalidTest" time="7.507" classname="com.easemytrip.runner.LoginRegistrationTest"/>
  <testcase name="loginInvalidTest" time="7.459" classname="com.easemytrip.runner.LoginRegistrationTest"/>
  <testcase name="loginInvalidTest" time="7.329" classname="com.easemytrip.runner.LoginRegistrationTest"/>
  <testcase name="OTPLoginTestValid" time="55.956" classname="com.easemytrip.runner.LoginRegistrationTest"/>
  <testcase name="OTPLoginTestValid" time="17.699" classname="com.easemytrip.runner.LoginRegistrationTest">
    <failure type="org.openqa.selenium.ElementNotInteractableException" message="element not interactable
  (Session info: chrome=84.0.4147.105)
Build info: version: &amp;apos;3.141.59&amp;apos;, revision: &amp;apos;e82be7d358&amp;apos;, time: &amp;apos;2018-11-14T08:17:03&amp;apos;
System info: host: &amp;apos;DESKTOP-DT1HFES&amp;apos;, ip: &amp;apos;192.168.1.93&amp;apos;, os.name: &amp;apos;Windows 10&amp;apos;, os.arch: &amp;apos;amd64&amp;apos;, os.version: &amp;apos;10.0&amp;apos;, java.version: &amp;apos;1.8.0_251&amp;apos;
Driver info: org.openqa.selenium.chrome.ChromeDriver
Capabilities {acceptInsecureCerts: false, browserName: chrome, browserVersion: 84.0.4147.105, chrome: {chromedriverVersion: 84.0.4147.30 (48b3e868b4cc0..., userDataDir: C:\Users\RAHULK~1\AppData\L...}, goog:chromeOptions: {debuggerAddress: localhost:61223}, javascriptEnabled: true, networkConnectionEnabled: false, pageLoadStrategy: normal, platform: WINDOWS, platformName: WINDOWS, proxy: Proxy(), setWindowRect: true, strictFileInteractability: false, timeouts: {implicit: 0, pageLoad: 300000, script: 30000}, unhandledPromptBehavior: dismiss and notify, webauthn:virtualAuthenticators: true}
Session ID: e49b2c10f7dd492b02744d337aec7a56">
      <![CDATA[org.openqa.selenium.ElementNotInteractableException: element not interactable
  (Session info: chrome=84.0.4147.105)
Build info: version: '3.141.59', revision: 'e82be7d358', time: '2018-11-14T08:17:03'
System info: host: 'DESKTOP-DT1HFES', ip: '192.168.1.93', os.name: 'Windows 10', os.arch: 'amd64', os.version: '10.0', java.version: '1.8.0_251'
Driver info: org.openqa.selenium.chrome.ChromeDriver
Capabilities {acceptInsecureCerts: false, browserName: chrome, browserVersion: 84.0.4147.105, chrome: {chromedriverVersion: 84.0.4147.30 (48b3e868b4cc0..., userDataDir: C:\Users\RAHULK~1\AppData\L...}, goog:chromeOptions: {debuggerAddress: localhost:61223}, javascriptEnabled: true, networkConnectionEnabled: false, pageLoadStrategy: normal, platform: WINDOWS, platformName: WINDOWS, proxy: Proxy(), setWindowRect: true, strictFileInteractability: false, timeouts: {implicit: 0, pageLoad: 300000, script: 30000}, unhandledPromptBehavior: dismiss and notify, webauthn:virtualAuthenticators: true}
Session ID: e49b2c10f7dd492b02744d337aec7a56
at org.openqa.selenium.remote.http.W3CHttpResponseCodec.createException(W3CHttpResponseCodec.java:187)
at org.openqa.selenium.remote.http.W3CHttpResponseCodec.decode(W3CHttpResponseCodec.java:122)
at org.openqa.selenium.remote.http.W3CHttpResponseCodec.decode(W3CHttpResponseCodec.java:49)
at org.openqa.selenium.remote.HttpCommandExecutor.execute(HttpCommandExecutor.java:158)
at org.openqa.selenium.remote.service.DriverCommandExecutor.execute(DriverCommandExecutor.java:83)
at org.openqa.selenium.remote.RemoteWebDriver.execute(RemoteWebDriver.java:552)
at org.openqa.selenium.remote.RemoteWebElement.execute(RemoteWebElement.java:285)
at org.openqa.selenium.remote.RemoteWebElement.click(RemoteWebElement.java:84)
at com.easemytrip.pom.LoginTrial.loginTestOTP(LoginTrial.java:102)
at com.easemytrip.runner.LoginRegistrationTest.OTPLoginTestValid(LoginRegistrationTest.java:112)
... Removed 29 stack frames]]>
    </failure>
  </testcase> <!-- OTPLoginTestValid -->
  <testcase name="OTPLoginTestInvalid" time="7.578" classname="com.easemytrip.runner.LoginRegistrationTest"/>
  <testcase name="OTPLoginTestInvalid" time="7.577" classname="com.easemytrip.runner.LoginRegistrationTest"/>
  <testcase name="OTPLoginTestInvalid" time="7.552" classname="com.easemytrip.runner.LoginRegistrationTest"/>
  <testcase name="OTPLoginTestInvalid" time="7.638" classname="com.easemytrip.runner.LoginRegistrationTest"/>
  <testcase name="registerTestValid" time="34.571" classname="com.easemytrip.runner.LoginRegistrationTest"/>
  <testcase name="registerTestValid" time="12.624" classname="com.easemytrip.runner.LoginRegistrationTest"/>
  <testcase name="registerTestInvalid" time="12.65" classname="com.easemytrip.runner.LoginRegistrationTest"/>
  <testcase name="registerTestInvalid" time="12.74" classname="com.easemytrip.runner.LoginRegistrationTest"/>
  <testcase name="registerTestInvalid" time="12.593" classname="com.easemytrip.runner.LoginRegistrationTest"/>
  <testcase name="registerTestInvalid" time="12.595" classname="com.easemytrip.runner.LoginRegistrationTest"/>
</testsuite> <!-- LoginRegisterTest -->
