<?xml version="1.0" encoding="UTF-8"?>
<!-- Generated by org.testng.reporters.JUnitXMLReporter -->
<testsuite hostname="DESKTOP-DT1HFES" ignored="0" name="MulticityTest" tests="48" failures="2" timestamp="11 Aug 2020 22:09:13 GMT" time="140.342" errors="0">
  <testcase name="homePageTest" time="4.43" classname="com.easemytrip.runner.MultiCityRunner"/>
  <testcase name="addCityClickTest" time="14.985" classname="com.easemytrip.runner.MultiCityRunner"/>
  <testcase name="viewavailable" time="0.007" classname="com.easemytrip.runner.MultiCityRunner"/>
  <testcase name="modifySearch" time="8.015" classname="com.easemytrip.runner.MultiCityRunner"/>
  <testcase name="viewmodifiedoptions" time="0.017" classname="com.easemytrip.runner.MultiCityRunner"/>
  <testcase name="viewmdetails" time="9.121" classname="com.easemytrip.runner.MultiCityRunner"/>
  <testcase name="bookm" time="4.778" classname="com.easemytrip.runner.MultiCityRunner"/>
  <testcase name="travellerEMICheckCLearButton" time="14.12" classname="com.easemytrip.runner.MultiCityRunner">
    <failure type="org.openqa.selenium.ElementNotInteractableException" message="element not interactable
  (Session info: chrome=84.0.4147.105)
Build info: version: &amp;apos;3.141.59&amp;apos;, revision: &amp;apos;e82be7d358&amp;apos;, time: &amp;apos;2018-11-14T08:17:03&amp;apos;
System info: host: &amp;apos;DESKTOP-DT1HFES&amp;apos;, ip: &amp;apos;192.168.1.68&amp;apos;, os.name: &amp;apos;Windows 10&amp;apos;, os.arch: &amp;apos;amd64&amp;apos;, os.version: &amp;apos;10.0&amp;apos;, java.version: &amp;apos;1.8.0_251&amp;apos;
Driver info: org.openqa.selenium.chrome.ChromeDriver
Capabilities {acceptInsecureCerts: false, browserName: chrome, browserVersion: 84.0.4147.105, chrome: {chromedriverVersion: 84.0.4147.30 (48b3e868b4cc0..., userDataDir: C:\Users\RAHULK~1\AppData\L...}, goog:chromeOptions: {debuggerAddress: localhost:56196}, javascriptEnabled: true, networkConnectionEnabled: false, pageLoadStrategy: normal, platform: WINDOWS, platformName: WINDOWS, proxy: Proxy(), setWindowRect: true, strictFileInteractability: false, timeouts: {implicit: 0, pageLoad: 300000, script: 30000}, unhandledPromptBehavior: dismiss and notify, webauthn:virtualAuthenticators: true}
Session ID: 7fe3d71ea8143a4d0a3e30fff7f016af">
      <![CDATA[org.openqa.selenium.ElementNotInteractableException: element not interactable
  (Session info: chrome=84.0.4147.105)
Build info: version: '3.141.59', revision: 'e82be7d358', time: '2018-11-14T08:17:03'
System info: host: 'DESKTOP-DT1HFES', ip: '192.168.1.68', os.name: 'Windows 10', os.arch: 'amd64', os.version: '10.0', java.version: '1.8.0_251'
Driver info: org.openqa.selenium.chrome.ChromeDriver
Capabilities {acceptInsecureCerts: false, browserName: chrome, browserVersion: 84.0.4147.105, chrome: {chromedriverVersion: 84.0.4147.30 (48b3e868b4cc0..., userDataDir: C:\Users\RAHULK~1\AppData\L...}, goog:chromeOptions: {debuggerAddress: localhost:56196}, javascriptEnabled: true, networkConnectionEnabled: false, pageLoadStrategy: normal, platform: WINDOWS, platformName: WINDOWS, proxy: Proxy(), setWindowRect: true, strictFileInteractability: false, timeouts: {implicit: 0, pageLoad: 300000, script: 30000}, unhandledPromptBehavior: dismiss and notify, webauthn:virtualAuthenticators: true}
Session ID: 7fe3d71ea8143a4d0a3e30fff7f016af
at org.openqa.selenium.remote.http.W3CHttpResponseCodec.createException(W3CHttpResponseCodec.java:187)
at org.openqa.selenium.remote.http.W3CHttpResponseCodec.decode(W3CHttpResponseCodec.java:122)
at org.openqa.selenium.remote.http.W3CHttpResponseCodec.decode(W3CHttpResponseCodec.java:49)
at org.openqa.selenium.remote.HttpCommandExecutor.execute(HttpCommandExecutor.java:158)
at org.openqa.selenium.remote.service.DriverCommandExecutor.execute(DriverCommandExecutor.java:83)
at org.openqa.selenium.remote.RemoteWebDriver.execute(RemoteWebDriver.java:552)
at org.openqa.selenium.remote.RemoteWebElement.execute(RemoteWebElement.java:285)
at org.openqa.selenium.remote.RemoteWebElement.click(RemoteWebElement.java:84)
at com.easemytrip.pom.MultiFlightTraveller.clearCoupon(MultiFlightTraveller.java:124)
at com.easemytrip.runner.MultiCityRunner.travellerEMICheckCLearButton(MultiCityRunner.java:88)
... Removed 29 stack frames]]>
    </failure>
  </testcase> <!-- travellerEMICheckCLearButton -->
  <testcase name="uinsuranceRadioCheck" time="10.049" classname="com.easemytrip.runner.MultiCityRunner"/>
  <testcase name="freeCancellationRadio" time="10.062" classname="com.easemytrip.runner.MultiCityRunner"/>
  <testcase name="verifyEmail" time="0.523" classname="com.easemytrip.runner.MultiCityRunner"/>
  <testcase name="verifyEmail" time="0.283" classname="com.easemytrip.runner.MultiCityRunner"/>
  <testcase name="verifyEmail" time="0.559" classname="com.easemytrip.runner.MultiCityRunner"/>
  <testcase name="verifyAdultTravellerTitleDropDown" time="0.138" classname="com.easemytrip.runner.MultiCityRunner"/>
  <testcase name="verifyAdultTravellerFirstName" time="0.331" classname="com.easemytrip.runner.MultiCityRunner"/>
  <testcase name="verifyAdultTravellerFirstName" time="0.245" classname="com.easemytrip.runner.MultiCityRunner"/>
  <testcase name="verifyAdultTravellerFirstName" time="0.194" classname="com.easemytrip.runner.MultiCityRunner"/>
  <testcase name="verifyAdultTravellerLastName" time="0.277" classname="com.easemytrip.runner.MultiCityRunner"/>
  <testcase name="verifyAdultTravellerLastName" time="0.168" classname="com.easemytrip.runner.MultiCityRunner"/>
  <testcase name="verifyAdultTravellerLastName" time="0.189" classname="com.easemytrip.runner.MultiCityRunner"/>
  <testcase name="verifyAddBaggageButton" time="7.951" classname="com.easemytrip.runner.MultiCityRunner"/>
  <testcase name="removeAdult" time="0.147" classname="com.easemytrip.runner.MultiCityRunner"/>
  <testcase name="verifyAddAdultButton" time="1.638" classname="com.easemytrip.runner.MultiCityRunner"/>
  <testcase name="verifyChildTravellerTitle" time="0.122" classname="com.easemytrip.runner.MultiCityRunner"/>
  <testcase name="verifyChildTravellerFirstName" time="0.29" classname="com.easemytrip.runner.MultiCityRunner"/>
  <testcase name="verifyChildTravellerFirstName" time="0.148" classname="com.easemytrip.runner.MultiCityRunner"/>
  <testcase name="verifyChildTravellerFirstName" time="0.256" classname="com.easemytrip.runner.MultiCityRunner"/>
  <testcase name="verifyChildTravellerLastName" time="0.165" classname="com.easemytrip.runner.MultiCityRunner"/>
  <testcase name="verifyChildTravellerLastName" time="0.146" classname="com.easemytrip.runner.MultiCityRunner"/>
  <testcase name="verifyChildTravellerLastName" time="0.164" classname="com.easemytrip.runner.MultiCityRunner"/>
  <testcase name="removeChild" time="0.141" classname="com.easemytrip.runner.MultiCityRunner"/>
  <testcase name="verifyAddChildButton" time="0.832" classname="com.easemytrip.runner.MultiCityRunner"/>
  <testcase name="verifyInfantTravellerTitle" time="0.109" classname="com.easemytrip.runner.MultiCityRunner"/>
  <testcase name="verifyInfantTravellerFirstName" time="0.199" classname="com.easemytrip.runner.MultiCityRunner"/>
  <testcase name="verifyInfantTravellerFirstName" time="0.14" classname="com.easemytrip.runner.MultiCityRunner"/>
  <testcase name="verifyInfantTravellerFirstName" time="0.177" classname="com.easemytrip.runner.MultiCityRunner"/>
  <testcase name="verifyInfantTravellerLastName" time="0.139" classname="com.easemytrip.runner.MultiCityRunner"/>
  <testcase name="verifyInfantTravellerLastName" time="0.131" classname="com.easemytrip.runner.MultiCityRunner"/>
  <testcase name="verifyInfantTravellerLastName" time="0.231" classname="com.easemytrip.runner.MultiCityRunner"/>
  <testcase name="verifyInfantTravellerDOB" time="0.414" classname="com.easemytrip.runner.MultiCityRunner"/>
  <testcase name="removeInfant" time="0.144" classname="com.easemytrip.runner.MultiCityRunner"/>
  <testcase name="verifyAddInfantButton" time="1.094" classname="com.easemytrip.runner.MultiCityRunner"/>
  <testcase name="addSeatVerify" time="0.179" classname="com.easemytrip.runner.MultiCityRunner"/>
  <testcase name="verifyContactNo" time="4.424" classname="com.easemytrip.runner.MultiCityRunner"/>
  <testcase name="verifyContactNo" time="4.389" classname="com.easemytrip.runner.MultiCityRunner"/>
  <testcase name="verifyContactNo" time="4.571" classname="com.easemytrip.runner.MultiCityRunner"/>
  <testcase name="verifyContactNo" time="4.994" classname="com.easemytrip.runner.MultiCityRunner"/>
  <testcase name="verifyContactNo" time="4.638" classname="com.easemytrip.runner.MultiCityRunner">
    <failure type="java.lang.AssertionError" message="expected [true] but found [false]">
      <![CDATA[java.lang.AssertionError: expected [true] but found [false]
at com.easemytrip.runner.MultiCityRunner.verifyContactNo(MultiCityRunner.java:480)
... Removed 29 stack frames]]>
    </failure>
  </testcase> <!-- verifyContactNo -->
</testsuite> <!-- MulticityTest -->
