<?xml version="1.0" encoding="UTF-8"?>
<!-- Generated by org.testng.reporters.JUnitXMLReporter -->
<testsuite hostname="DESKTOP-DT1HFES" ignored="0" name="RoundTripTest" tests="26" failures="1" timestamp="11 Aug 2020 22:10:01 GMT" time="48.398" errors="0">
  <testcase name="AvailabilityTest" time="28.626" classname="com.easemytrip.runner.roundtripRunner"/>
  <testcase name="Test" time="13.998" classname="com.easemytrip.runner.roundtripRunner">
    <failure type="org.openqa.selenium.NoSuchElementException" message="no such element: Unable to locate element: {&amp;quot;method&amp;quot;:&amp;quot;xpath&amp;quot;,&amp;quot;selector&amp;quot;:&amp;quot;/html[1]/body[1]/form[1]/div[9]/div[2]/div[1]/div[1]/div[1]/div[1]/div[1]/div[2]/div[2]/div[2]/div[1]/div[2]&amp;quot;}
  (Session info: chrome=84.0.4147.105)
For documentation on this error, please visit: https://www.seleniumhq.org/exceptions/no_such_element.html
Build info: version: &amp;apos;3.141.59&amp;apos;, revision: &amp;apos;e82be7d358&amp;apos;, time: &amp;apos;2018-11-14T08:17:03&amp;apos;
System info: host: &amp;apos;DESKTOP-DT1HFES&amp;apos;, ip: &amp;apos;192.168.1.68&amp;apos;, os.name: &amp;apos;Windows 10&amp;apos;, os.arch: &amp;apos;amd64&amp;apos;, os.version: &amp;apos;10.0&amp;apos;, java.version: &amp;apos;1.8.0_251&amp;apos;
Driver info: org.openqa.selenium.chrome.ChromeDriver
Capabilities {acceptInsecureCerts: false, browserName: chrome, browserVersion: 84.0.4147.105, chrome: {chromedriverVersion: 84.0.4147.30 (48b3e868b4cc0..., userDataDir: C:\Users\RAHULK~1\AppData\L...}, goog:chromeOptions: {debuggerAddress: localhost:56275}, javascriptEnabled: true, networkConnectionEnabled: false, pageLoadStrategy: normal, platform: WINDOWS, platformName: WINDOWS, proxy: Proxy(), setWindowRect: true, strictFileInteractability: false, timeouts: {implicit: 0, pageLoad: 300000, script: 30000}, unhandledPromptBehavior: dismiss and notify, webauthn:virtualAuthenticators: true}
Session ID: fb6d82ce372bf83877380184744a7bfd
*** Element info: {Using=xpath, value=/html[1]/body[1]/form[1]/div[9]/div[2]/div[1]/div[1]/div[1]/div[1]/div[1]/div[2]/div[2]/div[2]/div[1]/div[2]}">
      <![CDATA[org.openqa.selenium.NoSuchElementException: no such element: Unable to locate element: {"method":"xpath","selector":"/html[1]/body[1]/form[1]/div[9]/div[2]/div[1]/div[1]/div[1]/div[1]/div[1]/div[2]/div[2]/div[2]/div[1]/div[2]"}
  (Session info: chrome=84.0.4147.105)
For documentation on this error, please visit: https://www.seleniumhq.org/exceptions/no_such_element.html
Build info: version: '3.141.59', revision: 'e82be7d358', time: '2018-11-14T08:17:03'
System info: host: 'DESKTOP-DT1HFES', ip: '192.168.1.68', os.name: 'Windows 10', os.arch: 'amd64', os.version: '10.0', java.version: '1.8.0_251'
Driver info: org.openqa.selenium.chrome.ChromeDriver
Capabilities {acceptInsecureCerts: false, browserName: chrome, browserVersion: 84.0.4147.105, chrome: {chromedriverVersion: 84.0.4147.30 (48b3e868b4cc0..., userDataDir: C:\Users\RAHULK~1\AppData\L...}, goog:chromeOptions: {debuggerAddress: localhost:56275}, javascriptEnabled: true, networkConnectionEnabled: false, pageLoadStrategy: normal, platform: WINDOWS, platformName: WINDOWS, proxy: Proxy(), setWindowRect: true, strictFileInteractability: false, timeouts: {implicit: 0, pageLoad: 300000, script: 30000}, unhandledPromptBehavior: dismiss and notify, webauthn:virtualAuthenticators: true}
Session ID: fb6d82ce372bf83877380184744a7bfd
*** Element info: {Using=xpath, value=/html[1]/body[1]/form[1]/div[9]/div[2]/div[1]/div[1]/div[1]/div[1]/div[1]/div[2]/div[2]/div[2]/div[1]/div[2]}
at org.openqa.selenium.remote.http.W3CHttpResponseCodec.createException(W3CHttpResponseCodec.java:187)
at org.openqa.selenium.remote.http.W3CHttpResponseCodec.decode(W3CHttpResponseCodec.java:122)
at org.openqa.selenium.remote.http.W3CHttpResponseCodec.decode(W3CHttpResponseCodec.java:49)
at org.openqa.selenium.remote.HttpCommandExecutor.execute(HttpCommandExecutor.java:158)
at org.openqa.selenium.remote.service.DriverCommandExecutor.execute(DriverCommandExecutor.java:83)
at org.openqa.selenium.remote.RemoteWebDriver.execute(RemoteWebDriver.java:552)
at org.openqa.selenium.remote.RemoteWebDriver.findElement(RemoteWebDriver.java:323)
at org.openqa.selenium.remote.RemoteWebDriver.findElementByXPath(RemoteWebDriver.java:428)
at org.openqa.selenium.By$ByXPath.findElement(By.java:353)
at org.openqa.selenium.remote.RemoteWebDriver.findElement(RemoteWebDriver.java:315)
at com.easemytrip.pom.RoundDetails.getDetails(RoundDetails.java:34)
at com.easemytrip.runner.roundtripRunner.Test(roundtripRunner.java:50)
... Removed 29 stack frames]]>
    </failure>
  </testcase> <!-- Test -->
  <testcase name="flightDetailsOneWay" time="0.0" classname="com.easemytrip.runner.roundtripRunner">
    <skipped/>
  </testcase> <!-- flightDetailsOneWay -->
  <testcase name="travellerEMICheckCLearButton" time="0.0" classname="com.easemytrip.runner.roundtripRunner">
    <skipped/>
  </testcase> <!-- travellerEMICheckCLearButton -->
  <testcase name="uinsuranceRadioCheck" time="0.0" classname="com.easemytrip.runner.roundtripRunner">
    <skipped/>
  </testcase> <!-- uinsuranceRadioCheck -->
  <testcase name="freeCancellationRadio" time="0.0" classname="com.easemytrip.runner.roundtripRunner">
    <skipped/>
  </testcase> <!-- freeCancellationRadio -->
  <testcase name="verifyEmail" time="0.0" classname="com.easemytrip.runner.roundtripRunner">
    <skipped/>
  </testcase> <!-- verifyEmail -->
  <testcase name="verifyAdultTravellerTitleDropDown" time="0.0" classname="com.easemytrip.runner.roundtripRunner">
    <skipped/>
  </testcase> <!-- verifyAdultTravellerTitleDropDown -->
  <testcase name="verifyAdultTravellerFirstName" time="0.0" classname="com.easemytrip.runner.roundtripRunner">
    <skipped/>
  </testcase> <!-- verifyAdultTravellerFirstName -->
  <testcase name="verifyAdultTravellerLastName" time="0.0" classname="com.easemytrip.runner.roundtripRunner">
    <skipped/>
  </testcase> <!-- verifyAdultTravellerLastName -->
  <testcase name="verifyAddBaggageButton" time="0.0" classname="com.easemytrip.runner.roundtripRunner">
    <skipped/>
  </testcase> <!-- verifyAddBaggageButton -->
  <testcase name="removeAdult" time="0.0" classname="com.easemytrip.runner.roundtripRunner">
    <skipped/>
  </testcase> <!-- removeAdult -->
  <testcase name="verifyAddAdultButton" time="0.0" classname="com.easemytrip.runner.roundtripRunner">
    <skipped/>
  </testcase> <!-- verifyAddAdultButton -->
  <testcase name="verifyChildTravellerTitle" time="0.0" classname="com.easemytrip.runner.roundtripRunner">
    <skipped/>
  </testcase> <!-- verifyChildTravellerTitle -->
  <testcase name="verifyChildTravellerFirstName" time="0.0" classname="com.easemytrip.runner.roundtripRunner">
    <skipped/>
  </testcase> <!-- verifyChildTravellerFirstName -->
  <testcase name="verifyChildTravellerLastName" time="0.0" classname="com.easemytrip.runner.roundtripRunner">
    <skipped/>
  </testcase> <!-- verifyChildTravellerLastName -->
  <testcase name="removeChild" time="0.0" classname="com.easemytrip.runner.roundtripRunner">
    <skipped/>
  </testcase> <!-- removeChild -->
  <testcase name="verifyAddChildButton" time="0.0" classname="com.easemytrip.runner.roundtripRunner">
    <skipped/>
  </testcase> <!-- verifyAddChildButton -->
  <testcase name="verifyInfantTravellerTitle" time="0.0" classname="com.easemytrip.runner.roundtripRunner">
    <skipped/>
  </testcase> <!-- verifyInfantTravellerTitle -->
  <testcase name="verifyInfantTravellerFirstName" time="0.0" classname="com.easemytrip.runner.roundtripRunner">
    <skipped/>
  </testcase> <!-- verifyInfantTravellerFirstName -->
  <testcase name="verifyInfantTravellerLastName" time="0.0" classname="com.easemytrip.runner.roundtripRunner">
    <skipped/>
  </testcase> <!-- verifyInfantTravellerLastName -->
  <testcase name="verifyInfantTravellerDOB" time="0.0" classname="com.easemytrip.runner.roundtripRunner">
    <skipped/>
  </testcase> <!-- verifyInfantTravellerDOB -->
  <testcase name="removeInfant" time="0.0" classname="com.easemytrip.runner.roundtripRunner">
    <skipped/>
  </testcase> <!-- removeInfant -->
  <testcase name="verifyAddInfantButton" time="0.0" classname="com.easemytrip.runner.roundtripRunner">
    <skipped/>
  </testcase> <!-- verifyAddInfantButton -->
  <testcase name="addSeatVerify" time="0.0" classname="com.easemytrip.runner.roundtripRunner">
    <skipped/>
  </testcase> <!-- addSeatVerify -->
  <testcase name="verifyContactNo" time="0.0" classname="com.easemytrip.runner.roundtripRunner">
    <skipped/>
  </testcase> <!-- verifyContactNo -->
</testsuite> <!-- RoundTripTest -->
