<?xml version="1.0" encoding="UTF-8"?>
<!-- Generated by org.testng.reporters.JUnitReportReporter -->
<testsuite skipped="23" hostname="DESKTOP-DT1HFES" name="ease.my.trip.POMRunner" tests="26" failures="0" timestamp="11 Aug 2020 14:10:49 GMT" time="55.015" errors="1">
  <testcase name="flightDetailsOneWay" time="13.607" classname="ease.my.trip.POMRunner">
    <error type="org.openqa.selenium.NoSuchElementException" message="no such element: Unable to locate element: {&quot;method&quot;:&quot;xpath&quot;,&quot;selector&quot;:&quot;//body[@id=&#039;bodyMain&#039;]/form[@id=&#039;FrmEmtMdl&#039;]/div[@id=&#039;FrmTrveller&#039;]/div[@class=&#039;tr-m&#039;]/div[@class=&#039;tr-cen&#039;]/div[@id=&#039;divTrvfltDtl&#039;]/div[@class=&#039;fd-ll&#039;]/div[@id=&#039;divReview&#039;]/div[@class=&#039;bor pdb10&#039;]/div[@id=&#039;divLoadFltDetails&#039;]/div[2]/div[1]/div[1]/div[2]//div[2]//div[1]//div[2]//span[2]&quot;}
  (Session info: chrome=84.0.4147.105)
For documentation on this error, please visit: https://www.seleniumhq.org/exceptions/no_such_element.html
Build info: version: &#039;3.141.59&#039;, revision: &#039;e82be7d358&#039;, time: &#039;2018-11-14T08:17:03&#039;
System info: host: &#039;DESKTOP-DT1HFES&#039;, ip: &#039;192.168.1.68&#039;, os.name: &#039;Windows 10&#039;, os.arch: &#039;amd64&#039;, os.version: &#039;10.0&#039;, java.version: &#039;1.8.0_251&#039;
Driver info: org.openqa.selenium.chrome.ChromeDriver
Capabilities {acceptInsecureCerts: false, browserName: chrome, browserVersion: 84.0.4147.105, chrome: {chromedriverVersion: 84.0.4147.30 (48b3e868b4cc0..., userDataDir: C:\Users\RAHULK~1\AppData\L...}, goog:chromeOptions: {debuggerAddress: localhost:54793}, javascriptEnabled: true, networkConnectionEnabled: false, pageLoadStrategy: normal, platform: WINDOWS, platformName: WINDOWS, proxy: Proxy(), setWindowRect: true, strictFileInteractability: false, timeouts: {implicit: 0, pageLoad: 300000, script: 30000}, unhandledPromptBehavior: dismiss and notify, webauthn:virtualAuthenticators: true}
Session ID: 5a372ecb2742cb0f9a2cfb9c3f2d3703
*** Element info: {Using=xpath, value=//body[@id=&#039;bodyMain&#039;]/form[@id=&#039;FrmEmtMdl&#039;]/div[@id=&#039;FrmTrveller&#039;]/div[@class=&#039;tr-m&#039;]/div[@class=&#039;tr-cen&#039;]/div[@id=&#039;divTrvfltDtl&#039;]/div[@class=&#039;fd-ll&#039;]/div[@id=&#039;divReview&#039;]/div[@class=&#039;bor pdb10&#039;]/div[@id=&#039;divLoadFltDetails&#039;]/div[2]/div[1]/div[1]/div[2]//div[2]//div[1]//div[2]//span[2]}">
      <![CDATA[org.openqa.selenium.NoSuchElementException: no such element: Unable to locate element: {"method":"xpath","selector":"//body[@id='bodyMain']/form[@id='FrmEmtMdl']/div[@id='FrmTrveller']/div[@class='tr-m']/div[@class='tr-cen']/div[@id='divTrvfltDtl']/div[@class='fd-ll']/div[@id='divReview']/div[@class='bor pdb10']/div[@id='divLoadFltDetails']/div[2]/div[1]/div[1]/div[2]//div[2]//div[1]//div[2]//span[2]"}
  (Session info: chrome=84.0.4147.105)
For documentation on this error, please visit: https://www.seleniumhq.org/exceptions/no_such_element.html
Build info: version: '3.141.59', revision: 'e82be7d358', time: '2018-11-14T08:17:03'
System info: host: 'DESKTOP-DT1HFES', ip: '192.168.1.68', os.name: 'Windows 10', os.arch: 'amd64', os.version: '10.0', java.version: '1.8.0_251'
Driver info: org.openqa.selenium.chrome.ChromeDriver
Capabilities {acceptInsecureCerts: false, browserName: chrome, browserVersion: 84.0.4147.105, chrome: {chromedriverVersion: 84.0.4147.30 (48b3e868b4cc0..., userDataDir: C:\Users\RAHULK~1\AppData\L...}, goog:chromeOptions: {debuggerAddress: localhost:54793}, javascriptEnabled: true, networkConnectionEnabled: false, pageLoadStrategy: normal, platform: WINDOWS, platformName: WINDOWS, proxy: Proxy(), setWindowRect: true, strictFileInteractability: false, timeouts: {implicit: 0, pageLoad: 300000, script: 30000}, unhandledPromptBehavior: dismiss and notify, webauthn:virtualAuthenticators: true}
Session ID: 5a372ecb2742cb0f9a2cfb9c3f2d3703
*** Element info: {Using=xpath, value=//body[@id='bodyMain']/form[@id='FrmEmtMdl']/div[@id='FrmTrveller']/div[@class='tr-m']/div[@class='tr-cen']/div[@id='divTrvfltDtl']/div[@class='fd-ll']/div[@id='divReview']/div[@class='bor pdb10']/div[@id='divLoadFltDetails']/div[2]/div[1]/div[1]/div[2]//div[2]//div[1]//div[2]//span[2]}
at sun.reflect.NativeConstructorAccessorImpl.newInstance0(Native Method)
at sun.reflect.NativeConstructorAccessorImpl.newInstance(NativeConstructorAccessorImpl.java:62)
at sun.reflect.DelegatingConstructorAccessorImpl.newInstance(DelegatingConstructorAccessorImpl.java:45)
at java.lang.reflect.Constructor.newInstance(Constructor.java:423)
at org.openqa.selenium.remote.http.W3CHttpResponseCodec.createException(W3CHttpResponseCodec.java:187)
at org.openqa.selenium.remote.http.W3CHttpResponseCodec.decode(W3CHttpResponseCodec.java:122)
at org.openqa.selenium.remote.http.W3CHttpResponseCodec.decode(W3CHttpResponseCodec.java:49)
at org.openqa.selenium.remote.HttpCommandExecutor.execute(HttpCommandExecutor.java:158)
at org.openqa.selenium.remote.service.DriverCommandExecutor.execute(DriverCommandExecutor.java:83)
at org.openqa.selenium.remote.RemoteWebDriver.execute(RemoteWebDriver.java:552)
at org.openqa.selenium.remote.RemoteWebDriver.findElement(RemoteWebDriver.java:323)
at org.openqa.selenium.remote.RemoteWebDriver.findElementByXPath(RemoteWebDriver.java:428)
at org.openqa.selenium.By$ByXPath.findElement(By.java:353)
at org.openqa.selenium.remote.RemoteWebDriver.findElement(RemoteWebDriver.java:315)
at ease.my.trip.FlightRWTraveller.getFlight2No(FlightRWTraveller.java:147)
at ease.my.trip.POMRunner.flightDetailsOneWay(POMRunner.java:82)
at sun.reflect.NativeMethodAccessorImpl.invoke0(Native Method)
at sun.reflect.NativeMethodAccessorImpl.invoke(NativeMethodAccessorImpl.java:62)
at sun.reflect.DelegatingMethodAccessorImpl.invoke(DelegatingMethodAccessorImpl.java:43)
at java.lang.reflect.Method.invoke(Method.java:498)
at org.testng.internal.MethodInvocationHelper.invokeMethod(MethodInvocationHelper.java:124)
at org.testng.internal.Invoker.invokeMethod(Invoker.java:583)
at org.testng.internal.Invoker.invokeTestMethod(Invoker.java:719)
at org.testng.internal.Invoker.invokeTestMethods(Invoker.java:989)
at org.testng.internal.TestMethodWorker.invokeTestMethods(TestMethodWorker.java:125)
at org.testng.internal.TestMethodWorker.run(TestMethodWorker.java:109)
at org.testng.TestRunner.privateRun(TestRunner.java:648)
at org.testng.TestRunner.run(TestRunner.java:505)
at org.testng.SuiteRunner.runTest(SuiteRunner.java:455)
at org.testng.SuiteRunner.runSequentially(SuiteRunner.java:450)
at org.testng.SuiteRunner.privateRun(SuiteRunner.java:415)
at org.testng.SuiteRunner.run(SuiteRunner.java:364)
at org.testng.SuiteRunnerWorker.runSuite(SuiteRunnerWorker.java:52)
at org.testng.SuiteRunnerWorker.run(SuiteRunnerWorker.java:84)
at org.testng.TestNG.runSuitesSequentially(TestNG.java:1208)
at org.testng.TestNG.runSuitesLocally(TestNG.java:1137)
at org.testng.TestNG.runSuites(TestNG.java:1049)
at org.testng.TestNG.run(TestNG.java:1017)
at org.testng.remote.AbstractRemoteTestNG.run(AbstractRemoteTestNG.java:115)
at org.testng.remote.RemoteTestNG.initAndRun(RemoteTestNG.java:251)
at org.testng.remote.RemoteTestNG.main(RemoteTestNG.java:77)
]]>
    </error>
  </testcase> <!-- flightDetailsOneWay -->
  <testcase name="Test" time="13.488" classname="ease.my.trip.POMRunner"/>
  <testcase name="AvailabilityTest" time="27.919" classname="ease.my.trip.POMRunner"/>
  <testcase name="travellerEMICheckCLearButton" time="0.000" classname="ease.my.trip.POMRunner">
    <skipped/>
  </testcase> <!-- travellerEMICheckCLearButton -->
  <testcase name="uinsuranceRadioCheck" time="0.000" classname="ease.my.trip.POMRunner">
    <skipped/>
  </testcase> <!-- uinsuranceRadioCheck -->
  <testcase name="freeCancellationRadio" time="0.000" classname="ease.my.trip.POMRunner">
    <skipped/>
  </testcase> <!-- freeCancellationRadio -->
  <testcase name="verifyEmail" time="0.000" classname="ease.my.trip.POMRunner">
    <skipped/>
  </testcase> <!-- verifyEmail -->
  <testcase name="verifyAdultTravellerTitleDropDown" time="0.000" classname="ease.my.trip.POMRunner">
    <skipped/>
  </testcase> <!-- verifyAdultTravellerTitleDropDown -->
  <testcase name="verifyAdultTravellerFirstName" time="0.000" classname="ease.my.trip.POMRunner">
    <skipped/>
  </testcase> <!-- verifyAdultTravellerFirstName -->
  <testcase name="verifyAdultTravellerLastName" time="0.000" classname="ease.my.trip.POMRunner">
    <skipped/>
  </testcase> <!-- verifyAdultTravellerLastName -->
  <testcase name="verifyAddBaggageButton" time="0.000" classname="ease.my.trip.POMRunner">
    <skipped/>
  </testcase> <!-- verifyAddBaggageButton -->
  <testcase name="removeAdult" time="0.000" classname="ease.my.trip.POMRunner">
    <skipped/>
  </testcase> <!-- removeAdult -->
  <testcase name="verifyAddAdultButton" time="0.001" classname="ease.my.trip.POMRunner">
    <skipped/>
  </testcase> <!-- verifyAddAdultButton -->
  <testcase name="verifyChildTravellerTitle" time="0.000" classname="ease.my.trip.POMRunner">
    <skipped/>
  </testcase> <!-- verifyChildTravellerTitle -->
  <testcase name="verifyChildTravellerFirstName" time="0.000" classname="ease.my.trip.POMRunner">
    <skipped/>
  </testcase> <!-- verifyChildTravellerFirstName -->
  <testcase name="verifyChildTravellerLastName" time="0.000" classname="ease.my.trip.POMRunner">
    <skipped/>
  </testcase> <!-- verifyChildTravellerLastName -->
  <testcase name="removeChild" time="0.000" classname="ease.my.trip.POMRunner">
    <skipped/>
  </testcase> <!-- removeChild -->
  <testcase name="verifyAddChildButton" time="0.000" classname="ease.my.trip.POMRunner">
    <skipped/>
  </testcase> <!-- verifyAddChildButton -->
  <testcase name="verifyInfantTravellerTitle" time="0.000" classname="ease.my.trip.POMRunner">
    <skipped/>
  </testcase> <!-- verifyInfantTravellerTitle -->
  <testcase name="verifyInfantTravellerFirstName" time="0.000" classname="ease.my.trip.POMRunner">
    <skipped/>
  </testcase> <!-- verifyInfantTravellerFirstName -->
  <testcase name="verifyInfantTravellerLastName" time="0.000" classname="ease.my.trip.POMRunner">
    <skipped/>
  </testcase> <!-- verifyInfantTravellerLastName -->
  <testcase name="verifyInfantTravellerDOB" time="0.000" classname="ease.my.trip.POMRunner">
    <skipped/>
  </testcase> <!-- verifyInfantTravellerDOB -->
  <testcase name="removeInfant" time="0.000" classname="ease.my.trip.POMRunner">
    <skipped/>
  </testcase> <!-- removeInfant -->
  <testcase name="verifyAddInfantButton" time="0.000" classname="ease.my.trip.POMRunner">
    <skipped/>
  </testcase> <!-- verifyAddInfantButton -->
  <testcase name="addSeatVerify" time="0.000" classname="ease.my.trip.POMRunner">
    <skipped/>
  </testcase> <!-- addSeatVerify -->
  <testcase name="verifyContactNo" time="0.000" classname="ease.my.trip.POMRunner">
    <skipped/>
  </testcase> <!-- verifyContactNo -->
</testsuite> <!-- ease.my.trip.POMRunner -->
