<?xml version="1.0" encoding="UTF-8"?>
<!-- Generated by org.testng.reporters.JUnitReportReporter -->
<testsuite skipped="0" hostname="DESKTOP-DT1HFES" name="com.easemytrip.runner.HomePageRunner" tests="76" failures="2" timestamp="12 Aug 2020 06:56:46 GMT" time="166.019" errors="0">
  <testcase name="homePageTest" time="3.556" classname="com.easemytrip.runner.HomePageRunner"/>
  <testcase name="WebCheckInClickTest" time="2.318" classname="com.easemytrip.runner.HomePageRunner"/>
  <testcase name="FlightsModuleClickTest" time="1.595" classname="com.easemytrip.runner.HomePageRunner"/>
  <testcase name="logoClickTest" time="2.490" classname="com.easemytrip.runner.HomePageRunner"/>
  <testcase name="multicityCheckBoxTest" time="0.245" classname="com.easemytrip.runner.HomePageRunner"/>
  <testcase name="DefenceCheckBoxTest" time="0.109" classname="com.easemytrip.runner.HomePageRunner"/>
  <testcase name="studentsCheckBoxTest" time="0.109" classname="com.easemytrip.runner.HomePageRunner"/>
  <testcase name="seniorCitizenCheckBoxTest" time="0.125" classname="com.easemytrip.runner.HomePageRunner"/>
  <testcase name="doctorsCheckBoxTest" time="0.101" classname="com.easemytrip.runner.HomePageRunner"/>
  <testcase name="HotelsModuleClickTest" time="1.532" classname="com.easemytrip.runner.HomePageRunner"/>
  <testcase name="importantInfoClickTest" time="3.380" classname="com.easemytrip.runner.HomePageRunner"/>
  <testcase name="ourProductsClickTest" time="2.040" classname="com.easemytrip.runner.HomePageRunner"/>
  <testcase name="emtInfoClickTest" time="2.895" classname="com.easemytrip.runner.HomePageRunner"/>
  <testcase name="siteDirectoryClickTest" time="3.399" classname="com.easemytrip.runner.HomePageRunner"/>
  <testcase name="popularAirlinesClickTest" time="6.377" classname="com.easemytrip.runner.HomePageRunner"/>
  <testcase name="androidStoreClickTest" time="3.656" classname="com.easemytrip.runner.HomePageRunner"/>
  <testcase name="switchCheck" time="2.309" classname="com.easemytrip.runner.HomePageRunner"/>
  <testcase name="iosStoreClickTest" time="5.674" classname="com.easemytrip.runner.HomePageRunner"/>
  <testcase name="myAccountMouseHoverTest" time="0.305" classname="com.easemytrip.runner.HomePageRunner">
    <failure type="java.lang.AssertionError" message="expected [true] but found [false]">
      <![CDATA[java.lang.AssertionError: expected [true] but found [false]
at org.testng.Assert.fail(Assert.java:96)
at org.testng.Assert.failNotEquals(Assert.java:776)
at org.testng.Assert.assertTrue(Assert.java:44)
at org.testng.Assert.assertTrue(Assert.java:54)
at com.easemytrip.runner.HomePageRunner.myAccountMouseHoverTest(HomePageRunner.java:182)
at sun.reflect.NativeMethodAccessorImpl.invoke0(Native Method)
at sun.reflect.NativeMethodAccessorImpl.invoke(NativeMethodAccessorImpl.java:62)
at sun.reflect.DelegatingMethodAccessorImpl.invoke(DelegatingMethodAccessorImpl.java:43)
at java.lang.reflect.Method.invoke(Method.java:498)
at org.testng.internal.MethodInvocationHelper.invokeMethod(MethodInvocationHelper.java:124)
at org.testng.internal.Invoker.invokeMethod(Invoker.java:583)
at org.testng.internal.Invoker.invokeTestMethod(Invoker.java:719)
at org.testng.internal.Invoker.invokeTestMethods(Invoker.java:989)
at org.testng.internal.TestMethodWorker.invokeTestMethods(TestMethodWorker.java:125)
at org.testng.internal.TestMethodWorker.run(TestMethodWorker.java:109)
at org.testng.TestRunner.privateRun(TestRunner.java:648)
at org.testng.TestRunner.run(TestRunner.java:505)
at org.testng.SuiteRunner.runTest(SuiteRunner.java:455)
at org.testng.SuiteRunner.runSequentially(SuiteRunner.java:450)
at org.testng.SuiteRunner.privateRun(SuiteRunner.java:415)
at org.testng.SuiteRunner.run(SuiteRunner.java:364)
at org.testng.SuiteRunnerWorker.runSuite(SuiteRunnerWorker.java:52)
at org.testng.SuiteRunnerWorker.run(SuiteRunnerWorker.java:84)
at org.testng.TestNG.runSuitesSequentially(TestNG.java:1208)
at org.testng.TestNG.runSuitesLocally(TestNG.java:1137)
at org.testng.TestNG.runSuites(TestNG.java:1049)
at org.testng.TestNG.run(TestNG.java:1017)
at org.testng.remote.AbstractRemoteTestNG.run(AbstractRemoteTestNG.java:115)
at org.testng.remote.RemoteTestNG.initAndRun(RemoteTestNG.java:251)
at org.testng.remote.RemoteTestNG.main(RemoteTestNG.java:77)
]]>
    </failure>
  </testcase> <!-- myAccountMouseHoverTest -->
  <testcase name="helplineMouseHoverTest" time="0.180" classname="com.easemytrip.runner.HomePageRunner"/>
  <testcase name="TravelGuideClickTest" time="3.412" classname="com.easemytrip.runner.HomePageRunner"/>
  <testcase name="searchFlightOneWayTest" time="23.945" classname="com.easemytrip.runner.HomePageRunner"/>
  <testcase name="searchFlightOneWayTest" time="22.049" classname="com.easemytrip.runner.HomePageRunner"/>
  <testcase name="searchFlightOneWayTest" time="13.218" classname="com.easemytrip.runner.HomePageRunner"/>
  <testcase name="search" time="5.002" classname="com.easemytrip.runner.HomePageRunner"/>
  <testcase name="titleVerify" time="0.012" classname="com.easemytrip.runner.HomePageRunner"/>
  <testcase name="modify" time="4.072" classname="com.easemytrip.runner.HomePageRunner"/>
  <testcase name="next" time="4.156" classname="com.easemytrip.runner.HomePageRunner"/>
  <testcase name="prev" time="0.410" classname="com.easemytrip.runner.HomePageRunner"/>
  <testcase name="amountDisplay" time="0.041" classname="com.easemytrip.runner.HomePageRunner"/>
  <testcase name="scrollDown" time="0.010" classname="com.easemytrip.runner.HomePageRunner"/>
  <testcase name="flightDetails" time="4.573" classname="com.easemytrip.runner.HomePageRunner"/>
  <testcase name="addFilters" time="2.790" classname="com.easemytrip.runner.HomePageRunner"/>
  <testcase name="scrollUp" time="0.018" classname="com.easemytrip.runner.HomePageRunner"/>
  <testcase name="bookFlight" time="5.025" classname="com.easemytrip.runner.HomePageRunner"/>
  <testcase name="flightDetailsOneWay" time="0.084" classname="com.easemytrip.runner.HomePageRunner"/>
  <testcase name="travellerEMICheckCLearButton" time="2.060" classname="com.easemytrip.runner.HomePageRunner"/>
  <testcase name="uinsuranceRadioCheck" time="0.242" classname="com.easemytrip.runner.HomePageRunner"/>
  <testcase name="freeCancellationRadio" time="0.234" classname="com.easemytrip.runner.HomePageRunner"/>
  <testcase name="verifyEmail" time="0.441" classname="com.easemytrip.runner.HomePageRunner"/>
  <testcase name="verifyEmail" time="0.243" classname="com.easemytrip.runner.HomePageRunner"/>
  <testcase name="verifyEmail" time="0.344" classname="com.easemytrip.runner.HomePageRunner"/>
  <testcase name="verifyAdultTravellerTitleDropDown" time="0.131" classname="com.easemytrip.runner.HomePageRunner"/>
  <testcase name="verifyAdultTravellerFirstName" time="0.179" classname="com.easemytrip.runner.HomePageRunner"/>
  <testcase name="verifyAdultTravellerFirstName" time="0.146" classname="com.easemytrip.runner.HomePageRunner"/>
  <testcase name="verifyAdultTravellerFirstName" time="0.294" classname="com.easemytrip.runner.HomePageRunner"/>
  <testcase name="verifyAdultTravellerLastName" time="0.232" classname="com.easemytrip.runner.HomePageRunner"/>
  <testcase name="verifyAdultTravellerLastName" time="0.141" classname="com.easemytrip.runner.HomePageRunner"/>
  <testcase name="verifyAdultTravellerLastName" time="0.365" classname="com.easemytrip.runner.HomePageRunner"/>
  <testcase name="verifyAddBaggageButton" time="0.610" classname="com.easemytrip.runner.HomePageRunner"/>
  <testcase name="removeAdult" time="0.182" classname="com.easemytrip.runner.HomePageRunner"/>
  <testcase name="verifyAddAdultButton" time="1.930" classname="com.easemytrip.runner.HomePageRunner"/>
  <testcase name="verifyChildTravellerTitle" time="0.136" classname="com.easemytrip.runner.HomePageRunner"/>
  <testcase name="verifyChildTravellerFirstName" time="0.231" classname="com.easemytrip.runner.HomePageRunner"/>
  <testcase name="verifyChildTravellerFirstName" time="0.210" classname="com.easemytrip.runner.HomePageRunner"/>
  <testcase name="verifyChildTravellerFirstName" time="0.184" classname="com.easemytrip.runner.HomePageRunner"/>
  <testcase name="verifyChildTravellerLastName" time="0.217" classname="com.easemytrip.runner.HomePageRunner"/>
  <testcase name="verifyChildTravellerLastName" time="0.174" classname="com.easemytrip.runner.HomePageRunner"/>
  <testcase name="verifyChildTravellerLastName" time="0.147" classname="com.easemytrip.runner.HomePageRunner"/>
  <testcase name="removeChild" time="0.131" classname="com.easemytrip.runner.HomePageRunner"/>
  <testcase name="verifyAddChildButton" time="0.889" classname="com.easemytrip.runner.HomePageRunner"/>
  <testcase name="verifyInfantTravellerTitle" time="0.113" classname="com.easemytrip.runner.HomePageRunner"/>
  <testcase name="verifyInfantTravellerFirstName" time="0.276" classname="com.easemytrip.runner.HomePageRunner"/>
  <testcase name="verifyInfantTravellerFirstName" time="0.138" classname="com.easemytrip.runner.HomePageRunner"/>
  <testcase name="verifyInfantTravellerFirstName" time="0.224" classname="com.easemytrip.runner.HomePageRunner"/>
  <testcase name="verifyInfantTravellerLastName" time="0.146" classname="com.easemytrip.runner.HomePageRunner"/>
  <testcase name="verifyInfantTravellerLastName" time="0.156" classname="com.easemytrip.runner.HomePageRunner"/>
  <testcase name="verifyInfantTravellerLastName" time="0.175" classname="com.easemytrip.runner.HomePageRunner"/>
  <testcase name="verifyInfantTravellerDOB" time="0.454" classname="com.easemytrip.runner.HomePageRunner"/>
  <testcase name="removeInfant" time="0.140" classname="com.easemytrip.runner.HomePageRunner"/>
  <testcase name="verifyAddInfantButton" time="2.233" classname="com.easemytrip.runner.HomePageRunner"/>
  <testcase name="addSeatVerify" time="0.163" classname="com.easemytrip.runner.HomePageRunner"/>
  <testcase name="verifyContactNo" time="4.297" classname="com.easemytrip.runner.HomePageRunner"/>
  <testcase name="verifyContactNo" time="4.408" classname="com.easemytrip.runner.HomePageRunner"/>
  <testcase name="verifyContactNo" time="4.355" classname="com.easemytrip.runner.HomePageRunner">
    <failure type="java.lang.AssertionError" message="expected [true] but found [false]">
      <![CDATA[java.lang.AssertionError: expected [true] but found [false]
at org.testng.Assert.fail(Assert.java:96)
at org.testng.Assert.failNotEquals(Assert.java:776)
at org.testng.Assert.assertTrue(Assert.java:44)
at org.testng.Assert.assertTrue(Assert.java:54)
at com.easemytrip.runner.HomePageRunner.verifyContactNo(HomePageRunner.java:728)
at sun.reflect.NativeMethodAccessorImpl.invoke0(Native Method)
at sun.reflect.NativeMethodAccessorImpl.invoke(NativeMethodAccessorImpl.java:62)
at sun.reflect.DelegatingMethodAccessorImpl.invoke(DelegatingMethodAccessorImpl.java:43)
at java.lang.reflect.Method.invoke(Method.java:498)
at org.testng.internal.MethodInvocationHelper.invokeMethod(MethodInvocationHelper.java:124)
at org.testng.internal.Invoker.invokeMethod(Invoker.java:583)
at org.testng.internal.Invoker.invokeTestMethod(Invoker.java:719)
at org.testng.internal.Invoker.invokeTestMethods(Invoker.java:989)
at org.testng.internal.TestMethodWorker.invokeTestMethods(TestMethodWorker.java:125)
at org.testng.internal.TestMethodWorker.run(TestMethodWorker.java:109)
at org.testng.TestRunner.privateRun(TestRunner.java:648)
at org.testng.TestRunner.run(TestRunner.java:505)
at org.testng.SuiteRunner.runTest(SuiteRunner.java:455)
at org.testng.SuiteRunner.runSequentially(SuiteRunner.java:450)
at org.testng.SuiteRunner.privateRun(SuiteRunner.java:415)
at org.testng.SuiteRunner.run(SuiteRunner.java:364)
at org.testng.SuiteRunnerWorker.runSuite(SuiteRunnerWorker.java:52)
at org.testng.SuiteRunnerWorker.run(SuiteRunnerWorker.java:84)
at org.testng.TestNG.runSuitesSequentially(TestNG.java:1208)
at org.testng.TestNG.runSuitesLocally(TestNG.java:1137)
at org.testng.TestNG.runSuites(TestNG.java:1049)
at org.testng.TestNG.run(TestNG.java:1017)
at org.testng.remote.AbstractRemoteTestNG.run(AbstractRemoteTestNG.java:115)
at org.testng.remote.RemoteTestNG.initAndRun(RemoteTestNG.java:251)
at org.testng.remote.RemoteTestNG.main(RemoteTestNG.java:77)
]]>
    </failure>
  </testcase> <!-- verifyContactNo -->
  <testcase name="verifyContactNo" time="7.436" classname="com.easemytrip.runner.HomePageRunner"/>
</testsuite> <!-- com.easemytrip.runner.HomePageRunner -->
